app/build/intermediates/manifest_merge_blame_file/debug/manifest-merger-blame-debug-report.txt
1<?xml version="1.0" encoding="utf-8"?>
2<manifest xmlns:android="http://schemas.android.com/apk/res/android"
3    package="com.techholding.android.roammate"
4    android:versionCode="1"
5    android:versionName="1.0" >
6
7    <uses-sdk
8        android:minSdkVersion="23"
8-->src/main/AndroidManifest.xml
9        android:targetSdkVersion="33" />
9-->src/main/AndroidManifest.xml
10
11    <uses-permission android:name="android.permission.ACCESS_COARSE_LOCATION" />
11-->src/main/AndroidManifest.xml:5:5-81
11-->src/main/AndroidManifest.xml:5:22-78
12    <uses-permission android:name="android.permission.ACCESS_FINE_LOCATION" />
12-->src/main/AndroidManifest.xml:6:5-79
12-->src/main/AndroidManifest.xml:6:22-76
13    <uses-permission android:name="android.permission.ACCESS_NETWORK_STATE" />
13-->src/main/AndroidManifest.xml:7:5-79
13-->src/main/AndroidManifest.xml:7:22-76
14    <uses-permission android:name="android.permission.INTERNET" />
14-->src/main/AndroidManifest.xml:8:5-67
14-->src/main/AndroidManifest.xml:8:22-64
15    <uses-permission android:name="android.permission.READ_EXTERNAL_STORAGE" />
15-->src/main/AndroidManifest.xml:9:5-80
15-->src/main/AndroidManifest.xml:9:22-77
16    <uses-permission android:name="android.permission.CAMERA" />
16-->src/main/AndroidManifest.xml:10:5-64
16-->src/main/AndroidManifest.xml:10:22-62
17
18    <uses-feature
18-->[com.google.android.gms:play-services-maps:18.1.0] AndroidManifest.xml:26:5-28:35
19        android:glEsVersion="0x00020000"
19-->[com.google.android.gms:play-services-maps:18.1.0] AndroidManifest.xml:27:9-41
20        android:required="true" />
20-->[com.google.android.gms:play-services-maps:18.1.0] AndroidManifest.xml:28:9-32
21
22    <queries>
22-->[com.google.android.gms:play-services-maps:18.1.0] AndroidManifest.xml:30:5-34:15
23
24        <!-- Needs to be explicitly declared on Android R+ -->
25        <package android:name="com.google.android.apps.maps" />
25-->[com.google.android.gms:play-services-maps:18.1.0] AndroidManifest.xml:33:9-64
25-->[com.google.android.gms:play-services-maps:18.1.0] AndroidManifest.xml:33:18-61
26    </queries>
27
28    <uses-permission android:name="android.permission.WAKE_LOCK" />
28-->[com.google.android.gms:play-services-measurement-api:21.2.0] AndroidManifest.xml:24:5-68
28-->[com.google.android.gms:play-services-measurement-api:21.2.0] AndroidManifest.xml:24:22-65
29    <uses-permission android:name="com.google.android.gms.permission.AD_ID" />
29-->[com.google.android.gms:play-services-measurement-api:21.2.0] AndroidManifest.xml:25:5-79
29-->[com.google.android.gms:play-services-measurement-api:21.2.0] AndroidManifest.xml:25:22-76
30    <uses-permission android:name="com.google.android.finsky.permission.BIND_GET_INSTALL_REFERRER_SERVICE" />
30-->[com.google.android.gms:play-services-measurement:21.2.0] AndroidManifest.xml:26:5-110
30-->[com.google.android.gms:play-services-measurement:21.2.0] AndroidManifest.xml:26:22-107
31
32    <permission
32-->[androidx.core:core:1.9.0] AndroidManifest.xml:22:5-24:47
33        android:name="com.techholding.android.roammate.DYNAMIC_RECEIVER_NOT_EXPORTED_PERMISSION"
33-->[androidx.core:core:1.9.0] AndroidManifest.xml:23:9-81
34        android:protectionLevel="signature" />
34-->[androidx.core:core:1.9.0] AndroidManifest.xml:24:9-44
35
36    <uses-permission android:name="com.techholding.android.roammate.DYNAMIC_RECEIVER_NOT_EXPORTED_PERMISSION" />
36-->[androidx.core:core:1.9.0] AndroidManifest.xml:26:5-97
36-->[androidx.core:core:1.9.0] AndroidManifest.xml:26:22-94
37
38    <application
38-->src/main/AndroidManifest.xml:12:5-43:19
39        android:allowBackup="true"
39-->src/main/AndroidManifest.xml:13:9-35
40        android:appComponentFactory="androidx.core.app.CoreComponentFactory"
40-->[androidx.core:core:1.9.0] AndroidManifest.xml:28:18-86
41        android:dataExtractionRules="@xml/data_extraction_rules"
41-->src/main/AndroidManifest.xml:14:9-65
42        android:debuggable="true"
43        android:extractNativeLibs="false"
44        android:fullBackupContent="@xml/backup_rules"
44-->src/main/AndroidManifest.xml:15:9-54
45        android:icon="@mipmap/ic_launcher"
45-->src/main/AndroidManifest.xml:16:9-43
46        android:label="@string/app_name"
46-->src/main/AndroidManifest.xml:17:9-41
47        android:roundIcon="@mipmap/ic_launcher_round"
47-->src/main/AndroidManifest.xml:18:9-54
48        android:supportsRtl="true"
48-->src/main/AndroidManifest.xml:19:9-35
49        android:testOnly="true"
50        android:theme="@style/Theme.RoamMateUnlockTheWorld" >
50-->src/main/AndroidManifest.xml:20:9-60
51        <meta-data
51-->src/main/AndroidManifest.xml:23:9-25:47
52            android:name="com.google.android.geo.API_KEY"
52-->src/main/AndroidManifest.xml:24:13-58
53            android:value="@string/API_KEY" />
53-->src/main/AndroidManifest.xml:25:13-44
54        <meta-data
54-->src/main/AndroidManifest.xml:26:9-28:35
55            android:name="com.google.ml.vision.DEPENDENCIES"
55-->src/main/AndroidManifest.xml:27:13-61
56            android:value="ocr" />
56-->src/main/AndroidManifest.xml:28:13-32
57
58        <activity
58-->src/main/AndroidManifest.xml:30:9-38:20
59            android:name="com.techholding.android.roammate.ui.MainActivity"
59-->src/main/AndroidManifest.xml:31:13-44
60            android:exported="true" >
60-->src/main/AndroidManifest.xml:32:13-36
61            <intent-filter>
61-->src/main/AndroidManifest.xml:33:13-37:29
62                <action android:name="android.intent.action.MAIN" />
62-->src/main/AndroidManifest.xml:34:17-69
62-->src/main/AndroidManifest.xml:34:25-66
63
64                <category android:name="android.intent.category.LAUNCHER" />
64-->src/main/AndroidManifest.xml:36:17-77
64-->src/main/AndroidManifest.xml:36:27-74
65            </intent-filter>
66        </activity>
67
68        <meta-data
68-->src/main/AndroidManifest.xml:26:9-28:35
69            android:name="com.google.ml.vision.DEPENDENCIES"
69-->src/main/AndroidManifest.xml:27:13-61
70            android:value="ocr" />
70-->src/main/AndroidManifest.xml:28:13-32
71
72        <service
72-->[com.google.firebase:firebase-database-ktx:20.1.0] AndroidManifest.xml:11:9-17:19
73            android:name="com.google.firebase.components.ComponentDiscoveryService"
73-->[com.google.firebase:firebase-database-ktx:20.1.0] AndroidManifest.xml:12:13-84
74            android:directBootAware="true"
74-->[com.google.firebase:firebase-common:20.3.0] AndroidManifest.xml:34:13-43
75            android:exported="false" >
75-->[com.google.firebase:firebase-database-ktx:20.1.0] AndroidManifest.xml:13:13-37
76            <meta-data
76-->[com.google.firebase:firebase-database-ktx:20.1.0] AndroidManifest.xml:14:13-16:85
77                android:name="com.google.firebase.components:com.google.firebase.database.ktx.FirebaseDatabaseKtxRegistrar"
77-->[com.google.firebase:firebase-database-ktx:20.1.0] AndroidManifest.xml:15:17-124
78                android:value="com.google.firebase.components.ComponentRegistrar" />
78-->[com.google.firebase:firebase-database-ktx:20.1.0] AndroidManifest.xml:16:17-82
79            <meta-data
79-->[com.google.firebase:firebase-storage-ktx:20.1.0] AndroidManifest.xml:14:13-16:85
80                android:name="com.google.firebase.components:com.google.firebase.storage.ktx.FirebaseStorageKtxRegistrar"
80-->[com.google.firebase:firebase-storage-ktx:20.1.0] AndroidManifest.xml:15:17-122
81                android:value="com.google.firebase.components.ComponentRegistrar" />
81-->[com.google.firebase:firebase-storage-ktx:20.1.0] AndroidManifest.xml:16:17-82
82            <meta-data
82-->[com.google.firebase:firebase-auth-ktx:21.2.0] AndroidManifest.xml:11:13-13:85
83                android:name="com.google.firebase.components:com.google.firebase.auth.ktx.FirebaseAuthKtxRegistrar"
83-->[com.google.firebase:firebase-auth-ktx:21.2.0] AndroidManifest.xml:12:17-116
84                android:value="com.google.firebase.components.ComponentRegistrar" />
84-->[com.google.firebase:firebase-auth-ktx:21.2.0] AndroidManifest.xml:13:17-82
85            <meta-data
85-->[com.google.firebase:firebase-analytics-ktx:21.2.0] AndroidManifest.xml:11:13-13:85
86                android:name="com.google.firebase.components:com.google.firebase.analytics.ktx.FirebaseAnalyticsKtxRegistrar"
86-->[com.google.firebase:firebase-analytics-ktx:21.2.0] AndroidManifest.xml:12:17-126
87                android:value="com.google.firebase.components.ComponentRegistrar" />
87-->[com.google.firebase:firebase-analytics-ktx:21.2.0] AndroidManifest.xml:13:17-82
88            <meta-data
88-->[com.google.firebase:firebase-common-ktx:20.3.0] AndroidManifest.xml:14:13-16:85
89                android:name="com.google.firebase.components:com.google.firebase.ktx.FirebaseCommonKtxRegistrar"
89-->[com.google.firebase:firebase-common-ktx:20.3.0] AndroidManifest.xml:15:17-113
90                android:value="com.google.firebase.components.ComponentRegistrar" />
90-->[com.google.firebase:firebase-common-ktx:20.3.0] AndroidManifest.xml:16:17-82
91            <meta-data
91-->[com.google.firebase:firebase-auth:21.2.0] AndroidManifest.xml:69:13-71:85
92                android:name="com.google.firebase.components:com.google.firebase.auth.FirebaseAuthRegistrar"
92-->[com.google.firebase:firebase-auth:21.2.0] AndroidManifest.xml:70:17-109
93                android:value="com.google.firebase.components.ComponentRegistrar" />
93-->[com.google.firebase:firebase-auth:21.2.0] AndroidManifest.xml:71:17-82
94            <meta-data
94-->[com.google.firebase:firebase-ml-modeldownloader:24.1.2] AndroidManifest.xml:28:13-30:85
95                android:name="com.google.firebase.components:com.google.firebase.ml.modeldownloader.FirebaseModelDownloaderRegistrar"
95-->[com.google.firebase:firebase-ml-modeldownloader:24.1.2] AndroidManifest.xml:29:17-134
96                android:value="com.google.firebase.components.ComponentRegistrar" />
96-->[com.google.firebase:firebase-ml-modeldownloader:24.1.2] AndroidManifest.xml:30:17-82
97            <meta-data
97-->[com.google.firebase:firebase-database:20.1.0] AndroidManifest.xml:31:13-33:85
98                android:name="com.google.firebase.components:com.google.firebase.database.DatabaseRegistrar"
98-->[com.google.firebase:firebase-database:20.1.0] AndroidManifest.xml:32:17-109
99                android:value="com.google.firebase.components.ComponentRegistrar" />
99-->[com.google.firebase:firebase-database:20.1.0] AndroidManifest.xml:33:17-82
100            <meta-data
100-->[com.google.firebase:firebase-datatransport:18.1.7] AndroidManifest.xml:27:13-29:85
101                android:name="com.google.firebase.components:com.google.firebase.datatransport.TransportRegistrar"
101-->[com.google.firebase:firebase-datatransport:18.1.7] AndroidManifest.xml:28:17-115
102                android:value="com.google.firebase.components.ComponentRegistrar" />
102-->[com.google.firebase:firebase-datatransport:18.1.7] AndroidManifest.xml:29:17-82
103            <meta-data
103-->[com.google.android.gms:play-services-measurement-api:21.2.0] AndroidManifest.xml:31:13-33:85
104                android:name="com.google.firebase.components:com.google.firebase.analytics.connector.internal.AnalyticsConnectorRegistrar"
104-->[com.google.android.gms:play-services-measurement-api:21.2.0] AndroidManifest.xml:32:17-139
105                android:value="com.google.firebase.components.ComponentRegistrar" />
105-->[com.google.android.gms:play-services-measurement-api:21.2.0] AndroidManifest.xml:33:17-82
106            <meta-data
106-->[com.google.firebase:firebase-installations:17.1.2] AndroidManifest.xml:17:13-19:85
107                android:name="com.google.firebase.components:com.google.firebase.installations.FirebaseInstallationsRegistrar"
107-->[com.google.firebase:firebase-installations:17.1.2] AndroidManifest.xml:18:17-127
108                android:value="com.google.firebase.components.ComponentRegistrar" />
108-->[com.google.firebase:firebase-installations:17.1.2] AndroidManifest.xml:19:17-82
109            <meta-data
109-->[com.google.firebase:firebase-storage:20.1.0] AndroidManifest.xml:32:13-34:85
110                android:name="com.google.firebase.components:com.google.firebase.storage.StorageRegistrar"
110-->[com.google.firebase:firebase-storage:20.1.0] AndroidManifest.xml:33:17-107
111                android:value="com.google.firebase.components.ComponentRegistrar" />
111-->[com.google.firebase:firebase-storage:20.1.0] AndroidManifest.xml:34:17-82
112        </service>
113
114        <activity
114-->[com.google.firebase:firebase-auth:21.2.0] AndroidManifest.xml:29:9-46:20
115            android:name="com.google.firebase.auth.internal.GenericIdpActivity"
115-->[com.google.firebase:firebase-auth:21.2.0] AndroidManifest.xml:30:13-80
116            android:excludeFromRecents="true"
116-->[com.google.firebase:firebase-auth:21.2.0] AndroidManifest.xml:31:13-46
117            android:exported="true"
117-->[com.google.firebase:firebase-auth:21.2.0] AndroidManifest.xml:32:13-36
118            android:launchMode="singleTask"
118-->[com.google.firebase:firebase-auth:21.2.0] AndroidManifest.xml:33:13-44
119            android:theme="@android:style/Theme.Translucent.NoTitleBar" >
119-->[com.google.firebase:firebase-auth:21.2.0] AndroidManifest.xml:34:13-72
120            <intent-filter>
120-->[com.google.firebase:firebase-auth:21.2.0] AndroidManifest.xml:35:13-45:29
121                <action android:name="android.intent.action.VIEW" />
121-->[com.google.firebase:firebase-auth:21.2.0] AndroidManifest.xml:36:17-69
121-->[com.google.firebase:firebase-auth:21.2.0] AndroidManifest.xml:36:25-66
122
123                <category android:name="android.intent.category.DEFAULT" />
123-->[com.google.firebase:firebase-auth:21.2.0] AndroidManifest.xml:38:17-76
123-->[com.google.firebase:firebase-auth:21.2.0] AndroidManifest.xml:38:27-73
124                <category android:name="android.intent.category.BROWSABLE" />
124-->[com.google.firebase:firebase-auth:21.2.0] AndroidManifest.xml:39:17-78
124-->[com.google.firebase:firebase-auth:21.2.0] AndroidManifest.xml:39:27-75
125
126                <data
126-->[com.google.firebase:firebase-auth:21.2.0] AndroidManifest.xml:41:17-44:51
127                    android:host="firebase.auth"
127-->[com.google.firebase:firebase-auth:21.2.0] AndroidManifest.xml:42:21-49
128                    android:path="/"
128-->[com.google.firebase:firebase-auth:21.2.0] AndroidManifest.xml:43:21-37
129                    android:scheme="genericidp" />
129-->[com.google.firebase:firebase-auth:21.2.0] AndroidManifest.xml:44:21-48
130            </intent-filter>
131        </activity>
132        <activity
132-->[com.google.firebase:firebase-auth:21.2.0] AndroidManifest.xml:47:9-64:20
133            android:name="com.google.firebase.auth.internal.RecaptchaActivity"
133-->[com.google.firebase:firebase-auth:21.2.0] AndroidManifest.xml:48:13-79
134            android:excludeFromRecents="true"
134-->[com.google.firebase:firebase-auth:21.2.0] AndroidManifest.xml:49:13-46
135            android:exported="true"
135-->[com.google.firebase:firebase-auth:21.2.0] AndroidManifest.xml:50:13-36
136            android:launchMode="singleTask"
136-->[com.google.firebase:firebase-auth:21.2.0] AndroidManifest.xml:51:13-44
137            android:theme="@android:style/Theme.Translucent.NoTitleBar" >
137-->[com.google.firebase:firebase-auth:21.2.0] AndroidManifest.xml:52:13-72
138            <intent-filter>
138-->[com.google.firebase:firebase-auth:21.2.0] AndroidManifest.xml:53:13-63:29
139                <action android:name="android.intent.action.VIEW" />
139-->[com.google.firebase:firebase-auth:21.2.0] AndroidManifest.xml:36:17-69
139-->[com.google.firebase:firebase-auth:21.2.0] AndroidManifest.xml:36:25-66
140
141                <category android:name="android.intent.category.DEFAULT" />
141-->[com.google.firebase:firebase-auth:21.2.0] AndroidManifest.xml:38:17-76
141-->[com.google.firebase:firebase-auth:21.2.0] AndroidManifest.xml:38:27-73
142                <category android:name="android.intent.category.BROWSABLE" />
142-->[com.google.firebase:firebase-auth:21.2.0] AndroidManifest.xml:39:17-78
142-->[com.google.firebase:firebase-auth:21.2.0] AndroidManifest.xml:39:27-75
143
144                <data
144-->[com.google.firebase:firebase-auth:21.2.0] AndroidManifest.xml:41:17-44:51
145                    android:host="firebase.auth"
145-->[com.google.firebase:firebase-auth:21.2.0] AndroidManifest.xml:42:21-49
146                    android:path="/"
146-->[com.google.firebase:firebase-auth:21.2.0] AndroidManifest.xml:43:21-37
147                    android:scheme="recaptcha" />
147-->[com.google.firebase:firebase-auth:21.2.0] AndroidManifest.xml:44:21-48
148            </intent-filter>
149        </activity>
150
151        <service
151-->[androidx.camera:camera-camera2:1.3.0-alpha05] AndroidManifest.xml:24:9-33:19
152            android:name="androidx.camera.core.impl.MetadataHolderService"
152-->[androidx.camera:camera-camera2:1.3.0-alpha05] AndroidManifest.xml:25:13-75
153            android:enabled="false"
153-->[androidx.camera:camera-camera2:1.3.0-alpha05] AndroidManifest.xml:26:13-36
154            android:exported="false" >
154-->[androidx.camera:camera-camera2:1.3.0-alpha05] AndroidManifest.xml:27:13-37
155            <meta-data
155-->[androidx.camera:camera-camera2:1.3.0-alpha05] AndroidManifest.xml:30:13-32:89
156                android:name="androidx.camera.core.impl.MetadataHolderService.DEFAULT_CONFIG_PROVIDER"
156-->[androidx.camera:camera-camera2:1.3.0-alpha05] AndroidManifest.xml:31:17-103
157                android:value="androidx.camera.camera2.Camera2Config$DefaultProvider" />
157-->[androidx.camera:camera-camera2:1.3.0-alpha05] AndroidManifest.xml:32:17-86
158        </service>
159
160        <activity
160-->[com.google.android.gms:play-services-auth:20.4.1] AndroidManifest.xml:23:9-27:75
161            android:name="com.google.android.gms.auth.api.signin.internal.SignInHubActivity"
161-->[com.google.android.gms:play-services-auth:20.4.1] AndroidManifest.xml:24:13-93
162            android:excludeFromRecents="true"
162-->[com.google.android.gms:play-services-auth:20.4.1] AndroidManifest.xml:25:13-46
163            android:exported="false"
163-->[com.google.android.gms:play-services-auth:20.4.1] AndroidManifest.xml:26:13-37
164            android:theme="@android:style/Theme.Translucent.NoTitleBar" />
164-->[com.google.android.gms:play-services-auth:20.4.1] AndroidManifest.xml:27:13-72
165        <!--
166            Service handling Google Sign-In user revocation. For apps that do not integrate with
167            Google Sign-In, this service will never be started.
168        -->
169        <service
169-->[com.google.android.gms:play-services-auth:20.4.1] AndroidManifest.xml:33:9-37:51
170            android:name="com.google.android.gms.auth.api.signin.RevocationBoundService"
170-->[com.google.android.gms:play-services-auth:20.4.1] AndroidManifest.xml:34:13-89
171            android:exported="true"
171-->[com.google.android.gms:play-services-auth:20.4.1] AndroidManifest.xml:35:13-36
172            android:permission="com.google.android.gms.auth.api.signin.permission.REVOCATION_NOTIFICATION"
172-->[com.google.android.gms:play-services-auth:20.4.1] AndroidManifest.xml:36:13-107
173            android:visibleToInstantApps="true" /> <!-- Needs to be explicitly declared on P+ -->
173-->[com.google.android.gms:play-services-auth:20.4.1] AndroidManifest.xml:37:13-48
174        <uses-library
174-->[com.google.android.gms:play-services-maps:18.1.0] AndroidManifest.xml:39:9-41:40
175            android:name="org.apache.http.legacy"
175-->[com.google.android.gms:play-services-maps:18.1.0] AndroidManifest.xml:40:13-50
176            android:required="false" />
176-->[com.google.android.gms:play-services-maps:18.1.0] AndroidManifest.xml:41:13-37
177
178        <service
178-->[com.google.mlkit:language-id:17.0.4] AndroidManifest.xml:8:9-14:19
179            android:name="com.google.mlkit.common.internal.MlKitComponentDiscoveryService"
179-->[com.google.mlkit:language-id:17.0.4] AndroidManifest.xml:9:13-91
180            android:directBootAware="true"
180-->[com.google.mlkit:common:18.5.0] AndroidManifest.xml:17:13-43
181            android:exported="false" >
181-->[com.google.mlkit:language-id:17.0.4] AndroidManifest.xml:10:13-37
182            <meta-data
182-->[com.google.mlkit:language-id:17.0.4] AndroidManifest.xml:11:13-13:85
183                android:name="com.google.firebase.components:com.google.mlkit.nl.languageid.bundled.internal.ThickLanguageIdRegistrar"
183-->[com.google.mlkit:language-id:17.0.4] AndroidManifest.xml:12:17-135
184                android:value="com.google.firebase.components.ComponentRegistrar" />
184-->[com.google.mlkit:language-id:17.0.4] AndroidManifest.xml:13:17-82
185            <meta-data
185-->[com.google.mlkit:translate:17.0.1] AndroidManifest.xml:14:13-16:85
186                android:name="com.google.firebase.components:com.google.mlkit.nl.translate.NaturalLanguageTranslateRegistrar"
186-->[com.google.mlkit:translate:17.0.1] AndroidManifest.xml:15:17-126
187                android:value="com.google.firebase.components.ComponentRegistrar" />
187-->[com.google.mlkit:translate:17.0.1] AndroidManifest.xml:16:17-82
188            <meta-data
188-->[com.google.android.gms:play-services-mlkit-text-recognition-common:18.0.0] AndroidManifest.xml:12:13-14:85
189                android:name="com.google.firebase.components:com.google.mlkit.vision.text.internal.TextRegistrar"
189-->[com.google.android.gms:play-services-mlkit-text-recognition-common:18.0.0] AndroidManifest.xml:13:17-114
190                android:value="com.google.firebase.components.ComponentRegistrar" />
190-->[com.google.android.gms:play-services-mlkit-text-recognition-common:18.0.0] AndroidManifest.xml:14:17-82
191            <meta-data
191-->[com.google.mlkit:language-id-common:16.0.0] AndroidManifest.xml:26:13-28:85
192                android:name="com.google.firebase.components:com.google.mlkit.nl.languageid.internal.LanguageIdRegistrar"
192-->[com.google.mlkit:language-id-common:16.0.0] AndroidManifest.xml:27:17-122
193                android:value="com.google.firebase.components.ComponentRegistrar" />
193-->[com.google.mlkit:language-id-common:16.0.0] AndroidManifest.xml:28:17-82
194            <meta-data
194-->[com.google.mlkit:vision-common:17.2.1] AndroidManifest.xml:12:13-14:85
195                android:name="com.google.firebase.components:com.google.mlkit.vision.common.internal.VisionCommonRegistrar"
195-->[com.google.mlkit:vision-common:17.2.1] AndroidManifest.xml:13:17-124
196                android:value="com.google.firebase.components.ComponentRegistrar" />
196-->[com.google.mlkit:vision-common:17.2.1] AndroidManifest.xml:14:17-82
197            <meta-data
197-->[com.google.mlkit:common:18.5.0] AndroidManifest.xml:20:13-22:85
198                android:name="com.google.firebase.components:com.google.mlkit.common.internal.CommonComponentRegistrar"
198-->[com.google.mlkit:common:18.5.0] AndroidManifest.xml:21:17-120
199                android:value="com.google.firebase.components.ComponentRegistrar" />
199-->[com.google.mlkit:common:18.5.0] AndroidManifest.xml:22:17-82
200        </service>
201
202        <provider
202-->[com.google.firebase:firebase-common:20.3.0] AndroidManifest.xml:25:9-30:39
203            android:name="com.google.firebase.provider.FirebaseInitProvider"
203-->[com.google.firebase:firebase-common:20.3.0] AndroidManifest.xml:26:13-77
204            android:authorities="com.techholding.android.roammate.firebaseinitprovider"
204-->[com.google.firebase:firebase-common:20.3.0] AndroidManifest.xml:27:13-72
205            android:directBootAware="true"
205-->[com.google.firebase:firebase-common:20.3.0] AndroidManifest.xml:28:13-43
206            android:exported="false"
206-->[com.google.firebase:firebase-common:20.3.0] AndroidManifest.xml:29:13-37
207            android:initOrder="100" />
207-->[com.google.firebase:firebase-common:20.3.0] AndroidManifest.xml:30:13-36
208        <provider
208-->[com.google.mlkit:common:18.5.0] AndroidManifest.xml:9:9-13:38
209            android:name="com.google.mlkit.common.internal.MlKitInitProvider"
209-->[com.google.mlkit:common:18.5.0] AndroidManifest.xml:10:13-78
210            android:authorities="com.techholding.android.roammate.mlkitinitprovider"
210-->[com.google.mlkit:common:18.5.0] AndroidManifest.xml:11:13-69
211            android:exported="false"
211-->[com.google.mlkit:common:18.5.0] AndroidManifest.xml:12:13-37
212            android:initOrder="99" />
212-->[com.google.mlkit:common:18.5.0] AndroidManifest.xml:13:13-35
213
214        <activity
214-->[com.google.android.gms:play-services-base:18.1.0] AndroidManifest.xml:20:9-22:45
215            android:name="com.google.android.gms.common.api.GoogleApiActivity"
215-->[com.google.android.gms:play-services-base:18.1.0] AndroidManifest.xml:20:19-85
216            android:exported="false"
216-->[com.google.android.gms:play-services-base:18.1.0] AndroidManifest.xml:22:19-43
217            android:theme="@android:style/Theme.Translucent.NoTitleBar" />
217-->[com.google.android.gms:play-services-base:18.1.0] AndroidManifest.xml:21:19-78
218
219        <receiver
219-->[com.google.android.gms:play-services-measurement:21.2.0] AndroidManifest.xml:29:9-33:20
220            android:name="com.google.android.gms.measurement.AppMeasurementReceiver"
220-->[com.google.android.gms:play-services-measurement:21.2.0] AndroidManifest.xml:30:13-85
221            android:enabled="true"
221-->[com.google.android.gms:play-services-measurement:21.2.0] AndroidManifest.xml:31:13-35
222            android:exported="false" >
222-->[com.google.android.gms:play-services-measurement:21.2.0] AndroidManifest.xml:32:13-37
223        </receiver>
224
225        <service
225-->[com.google.android.gms:play-services-measurement:21.2.0] AndroidManifest.xml:35:9-38:40
226            android:name="com.google.android.gms.measurement.AppMeasurementService"
226-->[com.google.android.gms:play-services-measurement:21.2.0] AndroidManifest.xml:36:13-84
227            android:enabled="true"
227-->[com.google.android.gms:play-services-measurement:21.2.0] AndroidManifest.xml:37:13-35
228            android:exported="false" />
228-->[com.google.android.gms:play-services-measurement:21.2.0] AndroidManifest.xml:38:13-37
229        <service
229-->[com.google.android.gms:play-services-measurement:21.2.0] AndroidManifest.xml:39:9-43:72
230            android:name="com.google.android.gms.measurement.AppMeasurementJobService"
230-->[com.google.android.gms:play-services-measurement:21.2.0] AndroidManifest.xml:40:13-87
231            android:enabled="true"
231-->[com.google.android.gms:play-services-measurement:21.2.0] AndroidManifest.xml:41:13-35
232            android:exported="false"
232-->[com.google.android.gms:play-services-measurement:21.2.0] AndroidManifest.xml:42:13-37
233            android:permission="android.permission.BIND_JOB_SERVICE" />
233-->[com.google.android.gms:play-services-measurement:21.2.0] AndroidManifest.xml:43:13-69
234
235        <meta-data
235-->[com.google.android.gms:play-services-basement:18.1.0] AndroidManifest.xml:21:9-23:69
236            android:name="com.google.android.gms.version"
236-->[com.google.android.gms:play-services-basement:18.1.0] AndroidManifest.xml:22:13-58
237            android:value="@integer/google_play_services_version" />
237-->[com.google.android.gms:play-services-basement:18.1.0] AndroidManifest.xml:23:13-66
238
239        <uses-library
239-->[androidx.window:window:1.0.0] AndroidManifest.xml:25:9-27:40
240            android:name="androidx.window.extensions"
240-->[androidx.window:window:1.0.0] AndroidManifest.xml:26:13-54
241            android:required="false" />
241-->[androidx.window:window:1.0.0] AndroidManifest.xml:27:13-37
242        <uses-library
242-->[androidx.window:window:1.0.0] AndroidManifest.xml:28:9-30:40
243            android:name="androidx.window.sidecar"
243-->[androidx.window:window:1.0.0] AndroidManifest.xml:29:13-51
244            android:required="false" />
244-->[androidx.window:window:1.0.0] AndroidManifest.xml:30:13-37
245
246        <provider
246-->[androidx.emoji2:emoji2:1.2.0] AndroidManifest.xml:24:9-32:20
247            android:name="androidx.startup.InitializationProvider"
247-->[androidx.emoji2:emoji2:1.2.0] AndroidManifest.xml:25:13-67
248            android:authorities="com.techholding.android.roammate.androidx-startup"
248-->[androidx.emoji2:emoji2:1.2.0] AndroidManifest.xml:26:13-68
249            android:exported="false" >
249-->[androidx.emoji2:emoji2:1.2.0] AndroidManifest.xml:27:13-37
250            <meta-data
250-->[androidx.emoji2:emoji2:1.2.0] AndroidManifest.xml:29:13-31:52
251                android:name="androidx.emoji2.text.EmojiCompatInitializer"
251-->[androidx.emoji2:emoji2:1.2.0] AndroidManifest.xml:30:17-75
252                android:value="androidx.startup" />
252-->[androidx.emoji2:emoji2:1.2.0] AndroidManifest.xml:31:17-49
253            <meta-data
253-->[androidx.lifecycle:lifecycle-process:2.4.1] AndroidManifest.xml:31:13-33:52
254                android:name="androidx.lifecycle.ProcessLifecycleInitializer"
254-->[androidx.lifecycle:lifecycle-process:2.4.1] AndroidManifest.xml:32:17-78
255                android:value="androidx.startup" />
255-->[androidx.lifecycle:lifecycle-process:2.4.1] AndroidManifest.xml:33:17-49
256        </provider>
257
258        <service
258-->[com.google.android.datatransport:transport-backend-cct:3.1.8] AndroidManifest.xml:28:9-34:19
259            android:name="com.google.android.datatransport.runtime.backends.TransportBackendDiscovery"
259-->[com.google.android.datatransport:transport-backend-cct:3.1.8] AndroidManifest.xml:29:13-103